<?xml version="1.0" encoding="UTF-8"?>
<testsuite name="classes.EmployeeAttendanceTest" tests="2" skipped="0" failures="0" errors="0" timestamp="2024-02-23T11:17:22" hostname="Selvas-MacBook-Pro.local" time="0.007">
  <properties/>
  <testcase name="insert a record and check if the record is actually inserted()" classname="classes.EmployeeAttendanceTest" time="0.006"/>
  <testcase name="return id and not specified as status if the record is absent()" classname="classes.EmployeeAttendanceTest" time="0.0"/>
  <system-out><![CDATA[]]></system-out>
  <system-err><![CDATA[]]></system-err>
</testsuite>
